[debug] [2021-11-01T15:06:21.333Z] ----------------------------------------------------------------------
[debug] [2021-11-01T15:06:21.335Z] Command:       C:\Program Files\nodejs\node.exe C:\Users\asus\AppData\Roaming\npm\node_modules\firebase-tools\lib\bin\firebase.js init
[debug] [2021-11-01T15:06:21.336Z] CLI Version:   9.21.0
[debug] [2021-11-01T15:06:21.336Z] Platform:      win32
[debug] [2021-11-01T15:06:21.336Z] Node Version:  v14.17.1
[debug] [2021-11-01T15:06:21.337Z] Time:          Mon Nov 01 2021 21:06:21 GMT+0600 (Bangladesh Standard Time)
[debug] [2021-11-01T15:06:21.337Z] ----------------------------------------------------------------------
[debug] 
[debug] [2021-11-01T15:06:21.344Z] > command requires scopes: ["email","openid","https://www.googleapis.com/auth/cloudplatformprojects.readonly","https://www.googleapis.com/auth/firebase","https://www.googleapis.com/auth/cloud-platform"]
[debug] [2021-11-01T15:06:21.344Z] > authorizing via signed-in user (rezuanahaque0@gmail.com)
[info] 
     ######## #### ########  ######## ########     ###     ######  ########
     ##        ##  ##     ## ##       ##     ##  ##   ##  ##       ##
     ######    ##  ########  ######   ########  #########  ######  ######
     ##        ##  ##    ##  ##       ##     ## ##     ##       ## ##
     ##       #### ##     ## ######## ########  ##     ##  ######  ########

You're about to initialize a Firebase project in this directory:

  D:\Projects\ghurte-jabo

[info] 
=== Project Setup
[info] 
[info] First, let's associate this project directory with a Firebase project.
[info] You can create multiple project aliases by running firebase use --add, 
[info] but for now we'll just set up a default project.
[info] 
[debug] [2021-11-01T15:06:50.017Z] > refreshing access token with scopes: []
[debug] [2021-11-01T15:06:50.017Z] >>> HTTP REQUEST POST https://www.googleapis.com/oauth2/v3/token  
 <request body omitted>
[debug] [2021-11-01T15:06:50.382Z] <<< HTTP RESPONSE 200 {"cache-control":"no-cache, no-store, max-age=0, must-revalidate","expires":"Mon, 01 Jan 1990 00:00:00 GMT","date":"Mon, 01 Nov 2021 15:06:49 GMT","pragma":"no-cache","content-type":"application/json; charset=utf-8","vary":"X-Origin, Referer, Origin,Accept-Encoding","server":"scaffolding on HTTPServer2","x-xss-protection":"0","x-frame-options":"SAMEORIGIN","x-content-type-options":"nosniff","alt-svc":"h3=\":443\"; ma=2592000,h3-29=\":443\"; ma=2592000,h3-Q050=\":443\"; ma=2592000,h3-Q046=\":443\"; ma=2592000,h3-Q043=\":443\"; ma=2592000,quic=\":443\"; ma=2592000; v=\"46,43\"","accept-ranges":"none","transfer-encoding":"chunked"}
[debug] [2021-11-01T15:06:50.398Z] >>> [apiv2][query] GET https://firebase.googleapis.com/v1beta1/projects pageSize=100
[debug] [2021-11-01T15:06:51.246Z] <<< [apiv2][status] GET https://firebase.googleapis.com/v1beta1/projects 200
[debug] [2021-11-01T15:06:51.247Z] <<< [apiv2][body] GET https://firebase.googleapis.com/v1beta1/projects [omitted]
[info] i  Using project ghurte-jabo-51469 (Ghurte Jabo) 
[info] 
=== Hosting:github Setup
[info] 
[info] i  Detected a .git folder at D:\Projects\ghurte-jabo 
[info] i  Authorizing with GitHub to upload your service account to a GitHub repository's secrets store. 
[info] 
[info] Visit this URL on this device to log in:
[info] https://github.com/login/oauth/authorize?client_id=89cf50f02ac6aaed3484&state=923965244&redirect_uri=http%3A%2F%2Flocalhost%3A9005&scope=read%3Auser%20repo%20public_repo
[info] 
[info] Waiting for authentication...
[debug] [2021-11-01T15:07:17.947Z] >>> HTTP REQUEST POST https://github.com/login/oauth/access_token  
 {"client_id":"89cf50f02ac6aaed3484","client_secret":"3330d14abc895d9a74d5f17cd7a00711fa2c5bf0","code":"4a094d42abba898d22ea","redirect_uri":"http://localhost:9005","state":"923965244"}
[debug] [2021-11-01T15:07:18.486Z] <<< HTTP RESPONSE 200 {"server":"GitHub.com","date":"Mon, 01 Nov 2021 15:07:17 GMT","content-type":"application/json; charset=utf-8","transfer-encoding":"chunked","vary":"X-PJAX, X-PJAX-Container, Accept-Encoding, Accept, X-Requested-With","permissions-policy":"interest-cohort=()","etag":"W/\"f54984fa78a1afb216c935044e471960\"","cache-control":"max-age=0, private, must-revalidate","strict-transport-security":"max-age=31536000; includeSubdomains; preload","x-frame-options":"deny","x-content-type-options":"nosniff","x-xss-protection":"0","referrer-policy":"origin-when-cross-origin, strict-origin-when-cross-origin","expect-ct":"max-age=2592000, report-uri=\"https://api.github.com/_private/browser/errors\"","content-security-policy":"default-src 'none'; base-uri 'self'; block-all-mixed-content; child-src github.com/assets-cdn/worker/ gist.github.com/assets-cdn/worker/; connect-src 'self' uploads.github.com objects-origin.githubusercontent.com www.githubstatus.com collector.githubapp.com api.github.com github-cloud.s3.amazonaws.com github-production-repository-file-5c1aeb.s3.amazonaws.com github-production-upload-manifest-file-7fdce7.s3.amazonaws.com github-production-user-asset-6210df.s3.amazonaws.com cdn.optimizely.com logx.optimizely.com/v1/events translator.github.com wss://alive.github.com; font-src github.githubassets.com; form-action 'self' github.com gist.github.com objects-origin.githubusercontent.com; frame-ancestors 'none'; frame-src render.githubusercontent.com viewscreen.githubusercontent.com notebooks.githubusercontent.com; img-src 'self' data: github.githubassets.com identicons.github.com collector.githubapp.com github-cloud.s3.amazonaws.com secured-user-images.githubusercontent.com/ *.githubusercontent.com; manifest-src 'self'; media-src github.com user-images.githubusercontent.com/; script-src github.githubassets.com; style-src 'unsafe-inline' github.githubassets.com; worker-src github.com/assets-cdn/worker/ gist.github.com/assets-cdn/worker/","x-github-request-id":"DF6E:3EFC:17AF2B:2E72BD:618002A4"}
[debug] [2021-11-01T15:07:18.496Z] >>> [apiv2][query] GET https://api.github.com/user [none]
[debug] [2021-11-01T15:07:19.265Z] <<< [apiv2][status] GET https://api.github.com/user 200
[debug] [2021-11-01T15:07:19.266Z] <<< [apiv2][body] GET https://api.github.com/user {"login":"RezuanaHaque","id":78899126,"node_id":"MDQ6VXNlcjc4ODk5MTI2","avatar_url":"https://avatars.githubusercontent.com/u/78899126?v=4","gravatar_id":"","url":"https://api.github.com/users/RezuanaHaque","html_url":"https://github.com/RezuanaHaque","followers_url":"https://api.github.com/users/RezuanaHaque/followers","following_url":"https://api.github.com/users/RezuanaHaque/following{/other_user}","gists_url":"https://api.github.com/users/RezuanaHaque/gists{/gist_id}","starred_url":"https://api.github.com/users/RezuanaHaque/starred{/owner}{/repo}","subscriptions_url":"https://api.github.com/users/RezuanaHaque/subscriptions","organizations_url":"https://api.github.com/users/RezuanaHaque/orgs","repos_url":"https://api.github.com/users/RezuanaHaque/repos","events_url":"https://api.github.com/users/RezuanaHaque/events{/privacy}","received_events_url":"https://api.github.com/users/RezuanaHaque/received_events","type":"User","site_admin":false,"name":"Rezuana Haque","company":null,"blog":"","location":null,"email":null,"hireable":null,"bio":null,"twitter_username":null,"public_repos":11,"public_gists":0,"followers":9,"following":7,"created_at":"2021-02-11T07:29:40Z","updated_at":"2021-10-18T17:19:06Z","private_gists":0,"total_private_repos":3,"owned_private_repos":3,"disk_usage":187129,"collaborators":0,"two_factor_authentication":false,"plan":{"name":"pro","space":976562499,"collaborators":0,"private_repos":9999}}
[info] 
[info] +  Success! Logged into GitHub as RezuanaHaque 
[info] 
[debug] [2021-11-01T15:07:47.344Z] >>> [apiv2][query] GET https://api.github.com/repos//actions/secrets/public-key type=owner
[debug] [2021-11-01T15:07:47.844Z] <<< [apiv2][status] GET https://api.github.com/repos//actions/secrets/public-key 404
[debug] [2021-11-01T15:07:47.845Z] <<< [apiv2][body] GET https://api.github.com/repos//actions/secrets/public-key {"message":"Not Found","documentation_url":"https://docs.github.com/rest"}
[debug] [2021-11-01T15:07:56.452Z] >>> [apiv2][query] GET https://api.github.com/repos/build/actions/secrets/public-key type=owner
[debug] [2021-11-01T15:07:57.035Z] <<< [apiv2][status] GET https://api.github.com/repos/build/actions/secrets/public-key 404
[debug] [2021-11-01T15:07:57.035Z] <<< [apiv2][body] GET https://api.github.com/repos/build/actions/secrets/public-key {"message":"Not Found","documentation_url":"https://docs.github.com/rest"}
[debug] [2021-11-01T15:08:59.901Z] >>> [apiv2][query] GET https://api.github.com/repos/https://github.com/programming-hero-web-course1/tourism-or-delivery-website-client-side-RezuanaHaque/actions/secrets/public-key type=owner
[debug] [2021-11-01T15:09:00.558Z] <<< [apiv2][status] GET https://api.github.com/repos/https://github.com/programming-hero-web-course1/tourism-or-delivery-website-client-side-RezuanaHaque/actions/secrets/public-key 404
[debug] [2021-11-01T15:09:00.558Z] <<< [apiv2][body] GET https://api.github.com/repos/https://github.com/programming-hero-web-course1/tourism-or-delivery-website-client-side-RezuanaHaque/actions/secrets/public-key {"message":"Not Found","documentation_url":"https://docs.github.com/rest"}
[debug] [2021-11-01T15:09:21.460Z] >>> [apiv2][query] GET https://api.github.com/repos/https://github.com/programming-hero-web-course1/tourism-or-delivery-website-client-side-RezuanaHaque/actions/secrets/public-key type=owner
[debug] [2021-11-01T15:09:21.994Z] <<< [apiv2][status] GET https://api.github.com/repos/https://github.com/programming-hero-web-course1/tourism-or-delivery-website-client-side-RezuanaHaque/actions/secrets/public-key 404
[debug] [2021-11-01T15:09:21.994Z] <<< [apiv2][body] GET https://api.github.com/repos/https://github.com/programming-hero-web-course1/tourism-or-delivery-website-client-side-RezuanaHaque/actions/secrets/public-key {"message":"Not Found","documentation_url":"https://docs.github.com/rest"}
[debug] [2021-11-01T15:09:28.339Z] ----------------------------------------------------------------------
[debug] [2021-11-01T15:09:28.341Z] Command:       C:\Program Files\nodejs\node.exe C:\Users\asus\AppData\Roaming\npm\node_modules\firebase-tools\lib\bin\firebase.js init
[debug] [2021-11-01T15:09:28.342Z] CLI Version:   9.21.0
[debug] [2021-11-01T15:09:28.342Z] Platform:      win32
[debug] [2021-11-01T15:09:28.342Z] Node Version:  v14.17.1
[debug] [2021-11-01T15:09:28.343Z] Time:          Mon Nov 01 2021 21:09:28 GMT+0600 (Bangladesh Standard Time)
[debug] [2021-11-01T15:09:28.343Z] ----------------------------------------------------------------------
[debug] 
[debug] [2021-11-01T15:09:28.349Z] > command requires scopes: ["email","openid","https://www.googleapis.com/auth/cloudplatformprojects.readonly","https://www.googleapis.com/auth/firebase","https://www.googleapis.com/auth/cloud-platform"]
[debug] [2021-11-01T15:09:28.349Z] > authorizing via signed-in user (rezuanahaque0@gmail.com)
[info] 
     ######## #### ########  ######## ########     ###     ######  ########
     ##        ##  ##     ## ##       ##     ##  ##   ##  ##       ##
     ######    ##  ########  ######   ########  #########  ######  ######
     ##        ##  ##    ##  ##       ##     ## ##     ##       ## ##
     ##       #### ##     ## ######## ########  ##     ##  ######  ########

You're about to initialize a Firebase project in this directory:

  D:\Projects\ghurte-jabo

[info] 
=== Project Setup
[info] 
[info] First, let's associate this project directory with a Firebase project.
[info] You can create multiple project aliases by running firebase use --add, 
[info] but for now we'll just set up a default project.
[info] 
[debug] [2021-11-01T15:09:40.378Z] >>> [apiv2][query] GET https://firebase.googleapis.com/v1beta1/projects pageSize=100
[debug] [2021-11-01T15:09:41.194Z] <<< [apiv2][status] GET https://firebase.googleapis.com/v1beta1/projects 200
[debug] [2021-11-01T15:09:41.194Z] <<< [apiv2][body] GET https://firebase.googleapis.com/v1beta1/projects [omitted]
[info] i  Using project ghurte-jabo-51469 (Ghurte Jabo) 
[info] 
=== Hosting:github Setup
[info] 
[info] i  Detected a .git folder at D:\Projects\ghurte-jabo 
[info] i  Authorizing with GitHub to upload your service account to a GitHub repository's secrets store. 
[info] 
[info] Visit this URL on this device to log in:
[info] https://github.com/login/oauth/authorize?client_id=89cf50f02ac6aaed3484&state=999002983&redirect_uri=http%3A%2F%2Flocalhost%3A9005&scope=read%3Auser%20repo%20public_repo
[info] 
[info] Waiting for authentication...
[debug] [2021-11-01T15:09:44.193Z] >>> HTTP REQUEST POST https://github.com/login/oauth/access_token  
 {"client_id":"89cf50f02ac6aaed3484","client_secret":"3330d14abc895d9a74d5f17cd7a00711fa2c5bf0","code":"4f56c445bcd56bff75f2","redirect_uri":"http://localhost:9005","state":"999002983"}
[debug] [2021-11-01T15:09:44.911Z] <<< HTTP RESPONSE 200 {"server":"GitHub.com","date":"Mon, 01 Nov 2021 15:09:43 GMT","content-type":"application/json; charset=utf-8","transfer-encoding":"chunked","vary":"X-PJAX, X-PJAX-Container, Accept-Encoding, Accept, X-Requested-With","permissions-policy":"interest-cohort=()","etag":"W/\"441b7eca4a98968a561ace4e52dbbe63\"","cache-control":"max-age=0, private, must-revalidate","strict-transport-security":"max-age=31536000; includeSubdomains; preload","x-frame-options":"deny","x-content-type-options":"nosniff","x-xss-protection":"0","referrer-policy":"origin-when-cross-origin, strict-origin-when-cross-origin","expect-ct":"max-age=2592000, report-uri=\"https://api.github.com/_private/browser/errors\"","content-security-policy":"default-src 'none'; base-uri 'self'; block-all-mixed-content; child-src github.com/assets-cdn/worker/ gist.github.com/assets-cdn/worker/; connect-src 'self' uploads.github.com objects-origin.githubusercontent.com www.githubstatus.com collector.githubapp.com api.github.com github-cloud.s3.amazonaws.com github-production-repository-file-5c1aeb.s3.amazonaws.com github-production-upload-manifest-file-7fdce7.s3.amazonaws.com github-production-user-asset-6210df.s3.amazonaws.com cdn.optimizely.com logx.optimizely.com/v1/events translator.github.com wss://alive.github.com; font-src github.githubassets.com; form-action 'self' github.com gist.github.com objects-origin.githubusercontent.com; frame-ancestors 'none'; frame-src render.githubusercontent.com viewscreen.githubusercontent.com notebooks.githubusercontent.com; img-src 'self' data: github.githubassets.com identicons.github.com collector.githubapp.com github-cloud.s3.amazonaws.com secured-user-images.githubusercontent.com/ *.githubusercontent.com; manifest-src 'self'; media-src github.com user-images.githubusercontent.com/; script-src github.githubassets.com; style-src 'unsafe-inline' github.githubassets.com; worker-src github.com/assets-cdn/worker/ gist.github.com/assets-cdn/worker/","x-github-request-id":"DFDB:2C54:2676C9:4AFA34:61800337"}
[debug] [2021-11-01T15:09:44.922Z] >>> [apiv2][query] GET https://api.github.com/user [none]
[debug] [2021-11-01T15:09:45.787Z] <<< [apiv2][status] GET https://api.github.com/user 200
[debug] [2021-11-01T15:09:45.787Z] <<< [apiv2][body] GET https://api.github.com/user {"login":"RezuanaHaque","id":78899126,"node_id":"MDQ6VXNlcjc4ODk5MTI2","avatar_url":"https://avatars.githubusercontent.com/u/78899126?v=4","gravatar_id":"","url":"https://api.github.com/users/RezuanaHaque","html_url":"https://github.com/RezuanaHaque","followers_url":"https://api.github.com/users/RezuanaHaque/followers","following_url":"https://api.github.com/users/RezuanaHaque/following{/other_user}","gists_url":"https://api.github.com/users/RezuanaHaque/gists{/gist_id}","starred_url":"https://api.github.com/users/RezuanaHaque/starred{/owner}{/repo}","subscriptions_url":"https://api.github.com/users/RezuanaHaque/subscriptions","organizations_url":"https://api.github.com/users/RezuanaHaque/orgs","repos_url":"https://api.github.com/users/RezuanaHaque/repos","events_url":"https://api.github.com/users/RezuanaHaque/events{/privacy}","received_events_url":"https://api.github.com/users/RezuanaHaque/received_events","type":"User","site_admin":false,"name":"Rezuana Haque","company":null,"blog":"","location":null,"email":null,"hireable":null,"bio":null,"twitter_username":null,"public_repos":11,"public_gists":0,"followers":9,"following":7,"created_at":"2021-02-11T07:29:40Z","updated_at":"2021-10-18T17:19:06Z","private_gists":0,"total_private_repos":3,"owned_private_repos":3,"disk_usage":187129,"collaborators":0,"two_factor_authentication":false,"plan":{"name":"pro","space":976562499,"collaborators":0,"private_repos":9999}}
[info] 
[info] +  Success! Logged into GitHub as RezuanaHaque 
[info] 
